0 info it worked if it ends with ok
1 verbose cli [ '/usr/bin/node', '/usr/bin/npm', 'remove', '-g', 'mocha' ]
2 info using npm@1.4.28
3 info using node@v0.10.33
4 verbose node symlink /usr/bin/node
5 verbose lib/node_modules/mocha unbuild
6 info preuninstall mocha@2.0.1
7 info uninstall mocha@2.0.1
8 verbose true,/usr/lib/node_modules,/usr/lib/node_modules unbuild mocha@2.0.1
9 verbose /usr/bin,[object Object] binRoot
10 error Error: EACCES, unlink '/usr/bin/mocha'
10 error  { [Error: EACCES, unlink '/usr/bin/mocha'] errno: 3, code: 'EACCES', path: '/usr/bin/mocha' }
11 error Please try running this command again as root/Administrator.
12 error System Linux 3.13.0-40-generic
13 error command "/usr/bin/node" "/usr/bin/npm" "remove" "-g" "mocha"
14 error cwd /home/david/projecten/schaakbord-webapp
15 error node -v v0.10.33
16 error npm -v 1.4.28
17 error path /usr/bin/mocha
18 error code EACCES
19 error errno 3
20 error stack Error: EACCES, unlink '/usr/bin/mocha'
21 verbose exit [ 3, true ]
